<?xml version="1.0" encoding="UTF-8"?>
<testsuites name="TestSuit_TC_MONVIT_CADC_001" time="0" tests="0" failures="1" errors="1">
   <testsuite name="TestSuit_TC_MONVIT_CADC_001" tests="0" failures="1" errors="1" time="0" timestamp="2018-05-16 09:25:30" hostname="rafael.henrique - MVBRRECDSK2925.mvrec.local" id="Test Suites/TestSuit_TC_MONVIT_CADC_001">
      <properties>
         <property name="deviceName" value=""/>
         <property name="devicePlatform" value=""/>
         <property name="logFolder" value="C:\\Users\\rafael.henrique\\Katalon Studio\\MONVAT\\Reports\\TestSuit_TC_MONVIT_CADC_001\\20180516_092528"/>
         <property name="logFiles" value="C:\\Users\\rafael.henrique\\Katalon Studio\\MONVAT\\Reports\\TestSuit_TC_MONVIT_CADC_001\\20180516_092528\\execution0.log"/>
         <property name="attachments" value=""/>
         <property name="hostName" value="rafael.henrique - MVBRRECDSK2925.mvrec.local"/>
         <property name="hostAddress" value="192.168.7.231"/>
         <property name="os" value="Windows 7 64bit"/>
         <property name="katalonVersion" value="5.4.1.1"/>
      </properties>
      <testcase name="Test Cases/START_APPLICATION/TC_START_APPLICATION" classname="Test Cases/START_APPLICATION/TC_START_APPLICATION" status="ERROR">
         <error type="ERROR" message="Test Cases/START_APPLICATION/TC_START_APPLICATION FAILED because (of) Variable 'a' is not defined for test case."/>
         <system-out><![CDATA[2018-05-16 09:25:30 - [TEST_CASE][ERROR] - Test Cases/START_APPLICATION/TC_START_APPLICATION: Test Cases/START_APPLICATION/TC_START_APPLICATION FAILED because (of) Variable 'a' is not defined for test case.

2018-05-16 09:25:30 - [TEST_STEP][PASSED] - startApplication: null]]></system-out>
         <system-err><![CDATA[2018-05-16 09:25:30 - [TEST_CASE][ERROR] - Test Cases/START_APPLICATION/TC_START_APPLICATION: Test Cases/START_APPLICATION/TC_START_APPLICATION FAILED because (of) Variable 'a' is not defined for test case.]]></system-err>
      </testcase>
      <testcase name="Test Cases/REGISTER/TC_REGISTER" classname="Test Cases/REGISTER/TC_REGISTER" status="FAILED">
         <failure type="FAILED" message="No driver found"/>
         <system-out><![CDATA[2018-05-16 09:25:30 - [TEST_CASE][FAILED] - Test Cases/REGISTER/TC_REGISTER: Test Cases/REGISTER/TC_REGISTER FAILED because (of) No driver found

2018-05-16 09:25:30 - [TEST_STEP][PASSED] - tap: Checking timeout]]></system-out>
         <system-err><![CDATA[2018-05-16 09:25:30 - [TEST_CASE][FAILED] - Test Cases/REGISTER/TC_REGISTER: Test Cases/REGISTER/TC_REGISTER FAILED because (of) No driver found]]></system-err>
      </testcase>
      <system-out><![CDATA[2018-05-16 09:25:30 - [TEST_SUITE][ERROR] - TestSuit_TC_MONVIT_CADC_001: Test Cases/START_APPLICATION/TC_START_APPLICATION FAILED because (of) Variable 'a' is not defined for test case.]]></system-out>
      <system-err><![CDATA[2018-05-16 09:25:30 - [TEST_SUITE][ERROR] - TestSuit_TC_MONVIT_CADC_001: Test Cases/START_APPLICATION/TC_START_APPLICATION FAILED because (of) Variable 'a' is not defined for test case.]]></system-err>
   </testsuite>
</testsuites>
